TN:
SF:src\router.ts
FN:24,(anonymous_0)
FN:43,(anonymous_1)
FNF:2
FNH:2
FNDA:6,(anonymous_0)
FNDA:8,(anonymous_1)
DA:1,2
DA:2,2
DA:3,2
DA:4,2
DA:6,2
DA:10,2
DA:11,2
DA:15,2
DA:24,6
DA:33,2
DA:43,8
DA:54,2
DA:58,2
DA:63,2
LF:14
LH:14
BRF:0
BRH:0
end_of_record
TN:
SF:src\server.ts
FN:6,connectDB
FN:25,(anonymous_2)
FNF:2
FNH:2
FNDA:3,connectDB
FNDA:1,(anonymous_2)
DA:1,2
DA:2,2
DA:3,2
DA:6,2
DA:7,3
DA:8,3
DA:9,2
DA:13,1
DA:17,2
DA:19,2
DA:21,2
DA:23,2
DA:25,2
DA:26,1
DA:29,2
LF:15
LH:15
BRF:0
BRH:0
end_of_record
TN:
SF:src\config\db.ts
FNF:0
FNH:0
DA:1,2
DA:2,2
DA:3,2
DA:5,2
DA:10,2
LF:5
LH:5
BRF:0
BRH:0
end_of_record
TN:
SF:src\handlers\recipe.ts
FN:3,(anonymous_1)
FN:7,(anonymous_2)
FN:11,(anonymous_3)
FN:20,(anonymous_4)
FN:31,(anonymous_5)
FN:42,(anonymous_6)
FNF:6
FNH:6
FNDA:1,(anonymous_1)
FNDA:1,(anonymous_2)
FNDA:1,(anonymous_3)
FNDA:2,(anonymous_4)
FNDA:2,(anonymous_5)
FNDA:2,(anonymous_6)
DA:1,2
DA:3,2
DA:4,1
DA:5,1
DA:7,2
DA:8,1
DA:9,1
DA:11,2
DA:12,1
DA:13,1
DA:14,1
DA:15,0
DA:17,1
DA:20,2
DA:21,2
DA:22,2
DA:23,2
DA:24,1
DA:25,1
DA:26,1
DA:28,1
DA:31,2
DA:32,2
DA:33,2
DA:34,2
DA:35,1
DA:36,1
DA:37,1
DA:39,1
DA:42,2
DA:43,2
DA:44,2
DA:45,2
DA:46,1
DA:47,1
DA:49,1
LF:36
LH:35
BRDA:14,0,0,0
BRDA:14,0,1,1
BRDA:23,1,0,1
BRDA:23,1,1,1
BRDA:34,2,0,1
BRDA:34,2,1,1
BRDA:45,3,0,1
BRDA:45,3,1,1
BRF:8
BRH:7
end_of_record
TN:
SF:src\middleware\index.ts
FN:5,(anonymous_0)
FNF:1
FNH:1
FNDA:26,(anonymous_0)
DA:2,2
DA:5,2
DA:6,26
DA:7,26
DA:8,8
DA:10,18
LF:6
LH:6
BRDA:7,0,0,8
BRDA:7,0,1,18
BRF:2
BRH:2
end_of_record
TN:
SF:src\models\Recipe.models.ts
FNF:0
FNH:0
DA:1,3
DA:7,3
DA:11,3
DA:15,3
DA:19,3
DA:23,3
DA:28,3
DA:31,3
LF:8
LH:8
BRF:0
BRH:0
end_of_record
